Counter({1: 1299, 0: 1201})
torch.Size([252, 1, 32, 32]) torch.Size([252, 1, 16])
torch.Size([252, 1]) torch.Size([252, 1])
(252,) (252,)
torch.Size([2500, 1, 32, 32]) torch.Size([2500, 1, 16])
torch.Size([2500, 1]) torch.Size([2500, 1])
(2500,) (2500,)
Merged...
Bootstrap mean:  0.9821671850312446
Normal as test.
Test set size:  1000
Mean correlations:  0.987
acc:  1.0

Abormal as test.
Test set size:  1000
Mean correlations:  0.795
acc:  0.973

False Alarm Rate:  0.0
Mis-Detection Rate:  2.7
F1:  98.63199999999999

Adjusted threshold for Type I error 0.05:  0.973199083920607
False Alarms:  5.0
Mis Detections:  0.0
F1:  97.56099999999999
Baseline...
Baseline model loaded successfully
Test set:  Counter({1: 1299, 0: 1201})
Test ACC: 0.8528
Test - Truth: {1: 1299, 0: 1201}
Test - Predictions: {1: 943, 0: 1557}
Test - Confusion Matrix: 
[[1195    6]
 [ 362  937]]

Test - False Alarm: 0.0050
Test - Mis-Detection: 0.2787
False Alarms: 
[12.5  0.6  0.   0.   0.   0.   0.   0.   0.   0.   0.   0.   0.   0.
  0.   0.   0.   0.   0.   0.   0.   0.   0.   0.   0. ]
Mis Detections: 
[  0.    0.    0.    0.    0.    0.    0.    0.    0.    0.    0.    0.1
   1.1   3.    5.7  12.   22.4  36.7  54.8  71.9  84.8  93.5  98.   99.7
 100. ]
F1: 
[ 94.118  99.701 100.    100.    100.    100.    100.    100.    100.
 100.    100.     99.95   99.447  98.477  97.066  93.617  87.387  77.526
  62.259  43.872  26.389  12.207   3.922   0.598   0.   ]
Mean False Alarms: 
0.524
Mean Mis Detections: 
27.348
Mean F1: 
75.861
