Counter({1: 1299, 0: 1201})
Validation set size: 249
torch.Size([249, 1, 32, 32]) torch.Size([249, 1, 16])
torch.Size([249, 1]) torch.Size([249, 1])
(249,) (249,)
torch.Size([2500, 1, 32, 32]) torch.Size([2500, 1, 16])
torch.Size([2500, 1]) torch.Size([2500, 1])
(2500,) (2500,)
Merged...
Bootstrap mean:  0.9925766833982563
Normal as test.
Test set size:  1000
Mean correlations:  0.98
acc:  0.602

Abormal as test.
Test set size:  1000
Mean correlations:  0.922
acc:  1.0

False Alarm Rate:  39.800000000000004
Mis-Detection Rate:  0.0
F1:  83.403

Adjusted threshold for Type I error 0.05:  0.9609399855559828
False Alarms:  5.0
Mis Detections:  2.6
F1:  96.245
Baseline...
Baseline model loaded successfully
Test set:  Counter({0: 1299, 1: 1201})
Test ACC: 0.9460
Test - Truth: {0: 1299, 1: 1201}
Test - Predictions: {0: 1410, 1: 1090}
Test - Confusion Matrix: 
[[1287   12]
 [ 123 1078]]
Test - False Alarm: 0.0092
Test - Mis-Detection: 0.1024
Start testing windowed data...
False Alarms: 
[21.9  2.7  0.   0.   0.   0.   0.   0.   0.   0.   0.   0.   0.   0.
  0.   0.   0.   0.   0.   0.   0.   0.   0.   0.   0. ]
Mis Detections: 
[ 0.   0.   0.   0.   0.   0.   0.   0.   0.   0.   0.   0.   0.   0.
  0.   0.   0.   0.1  1.   4.5  9.9 26.9 49.3 73.6 93.7]
F1: 
[ 90.131  98.668 100.    100.    100.    100.    100.    100.    100.
 100.    100.    100.    100.    100.    100.    100.    100.     99.95
  99.497  97.698  94.792  84.46   67.286  41.772  11.853]
Mean False Alarms: 
0.984
Mean Mis Detections: 
10.36
Mean F1: 
91.444
================================================================================
Hotelling T2
False Alarm:  1.694
Mis Detection:  34.971000000000004
