Counter({0: 1257, 1: 1243})
Counter({1: 1299, 0: 1201})
Validation set size: 249
torch.Size([249, 1, 32, 32]) torch.Size([249, 1, 16])
torch.Size([249, 2]) torch.Size([249, 2])
(249, 2) (249, 2)
torch.Size([2500, 1, 32, 32]) torch.Size([2500, 1, 16])
torch.Size([2500, 2]) torch.Size([2500, 2])
(2500, 2) (2500, 2)
Merged...
Bootstrap mean:  1.9490953209193136
Normal as test.
Test set size:  1000
Mean correlations:  1.865
acc:  0.421

Abormal as test.
Test set size:  1000
Mean correlations:  1.199
acc:  1.0

False Alarm Rate:  57.9
Mis-Detection Rate:  0.0
F1:  77.549

Adjusted threshold for Type I error 0.05:  1.775552619280144
False Alarms:  5.0
Mis Detections:  0.0
F1:  97.56099999999999
Baseline...
Baseline model loaded successfully
Test set:  Counter({0: 1299, 1: 1201})
Test ACC: 0.9496
Test - Truth: {0: 1299, 1: 1201}
Test - Predictions: {0: 1397, 1: 1103}
Test - Confusion Matrix: 
[[1285   14]
 [ 112 1089]]
Test - False Alarm: 0.0108
Test - Mis-Detection: 0.0933
Start testing windowed data...
False Alarms: 
[23.2  3.5  0.1  0.   0.   0.   0.   0.   0.   0.   0.   0.   0.   0.
  0.   0.   0.   0.   0.   0.   0.   0.   0.   0.   0. ]
Mis Detections: 
[ 0.   0.   0.   0.   0.   0.   0.   0.   0.   0.   0.   0.   0.   0.
  0.   0.   0.   0.1  0.7  2.5  7.4 21.5 43.9 69.3 91. ]
F1: 
[ 89.606  98.28   99.95  100.    100.    100.    100.    100.    100.
 100.    100.    100.    100.    100.    100.    100.    100.     99.95
  99.649  98.734  96.158  87.955  71.877  46.978  16.514]
Mean False Alarms: 
1.072
Mean Mis Detections: 
9.456000000000001
Mean F1: 
92.226
================================================================================
Hotelling T2
================================================================================
DCCA
Phase I data shape: (100, 25, 2)
Grand mu: [-254.99202 -211.80405]
UCL: 17.061037383053655.
False Alarms: 
0.2
Mis Detections: 
18.8
F1: 
89.526
================================================================================
PCA
PCA Training Shape: torch.Size([1243, 1, 16])
Explained Variance Ratio: [0.61857605 0.11694013 0.08891175 0.04745807 0.03183814 0.02608627]
Total Variance Explained: 0.9298104047775269
Phase I data shape: (100, 25, 6)
Grand mu: [ 0.04201087 -0.03996602  0.03334749 -0.01928423  0.0089265   0.00061954]
UCL: 17.061037383053655.
False Alarms: 
3.8
Mis Detections: 
0.0
F1: 
98.13499999999999
================================================================================
PLS
PLS CT Training Shape: torch.Size([1243, 1, 32, 32])
PLS SP Training Shape: torch.Size([1243, 1, 16])
Reshaped CTs: torch.Size([1243, 1024])
Phase I data shape: (100, 25, 6)
Grand mu: [-0.05678936  0.00184292 -0.00514658  0.02329958  0.01142378 -0.00659065]
UCL: 17.061037383053655.
False Alarms: 
4.3999999999999995
Mis Detections: 
0.0
F1: 
97.847
