Counter({1: 1299, 0: 1201})
Validation set size: 249
torch.Size([249, 1, 32, 32]) torch.Size([249, 1, 16])
torch.Size([249, 4]) torch.Size([249, 4])
(249, 4) (249, 4)
torch.Size([2500, 1, 32, 32]) torch.Size([2500, 1, 16])
torch.Size([2500, 4]) torch.Size([2500, 4])
(2500, 4) (2500, 4)
Merged...
Bootstrap mean:  3.7904250073719687
Normal as test.
Test set size:  1000
Mean correlations:  3.503
acc:  0.637

Abormal as test.
Test set size:  1000
Mean correlations:  2.244
acc:  1.0

False Alarm Rate:  36.3
Mis-Detection Rate:  0.0
F1:  84.638

Adjusted threshold for Type I error 0.05:  3.2241464958357655
False Alarms:  5.0
Mis Detections:  0.0
F1:  97.56099999999999
Baseline...
Baseline model loaded successfully
Test set:  Counter({0: 1299, 1: 1201})
Test ACC: 0.9480
Test - Truth: {0: 1299, 1: 1201}
Test - Predictions: {0: 1395, 1: 1105}
Test - Confusion Matrix: 
[[1282   17]
 [ 113 1088]]
Test - False Alarm: 0.0131
Test - Mis-Detection: 0.0941
Start testing windowed data...
False Alarms: 
[27.8  5.1  0.3  0.   0.   0.   0.   0.   0.   0.   0.   0.   0.   0.
  0.   0.   0.   0.   0.   0.   0.   0.   0.   0.   0. ]
Mis Detections: 
[ 0.   0.   0.   0.   0.   0.   0.   0.   0.   0.   0.   0.   0.   0.
  0.   0.   0.   0.1  0.3  2.5  7.8 20.6 45.1 69.9 91.7]
F1: 
[ 87.796  97.513  99.85  100.    100.    100.    100.    100.    100.
 100.    100.    100.    100.    100.    100.    100.    100.     99.95
  99.85   98.734  95.942  88.517  70.884  46.272  15.328]
Mean False Alarms: 
1.328
Mean Mis Detections: 
9.520000000000001
Mean F1: 
92.025
================================================================================
Hotelling T2
n: 249; p: 4; S: (4, 4); mu: (4,).
UCL: 2.4084883700149953
False Alarm:  42.417
Mis Detection:  0.749
Start testing windowed data...
False Alarms: 
[100.  100.  100.  100.  100.   98.6  95.6  91.2  81.   68.2  53.3  35.1
  21.3  12.2   6.3   1.9   0.4   0.    0.    0.    0.    0.    0.    0.
   0. ]
Mis Detections: 
[ 0.   0.   0.   0.   0.   0.   0.   0.   0.   0.   0.   0.   0.   0.
  0.   0.   0.   0.   0.   0.   0.   0.   0.   1.3 16.1]
F1: 
[ 66.667  66.667  66.667  66.667  66.667  66.979  67.659  68.681  71.174
  74.571  78.958  85.07   90.375  94.251  96.946  99.059  99.8   100.
 100.    100.    100.    100.    100.     99.346  91.245]
Mean False Alarms: 
42.604
Mean Mis Detections: 
0.696
Mean F1: 
84.698
================================================================================
PCA
n: 249; p: 4; S: (4, 4); mu: (4,).
UCL: 2.4084883700149953
False Alarm:  41.263
Mis Detection:  42.132
Start testing windowed data...
False Alarms: 
[100.  100.  100.  100.  100.   99.9  99.5  98.4  93.8  85.5  73.1  56.9
  42.2  28.2  17.2   8.4   4.1   1.3   0.4   0.1   0.1   0.    0.    0.
   0. ]
Mis Detections: 
[  0.    0.    0.    0.    0.    0.    0.    0.    0.    1.5   3.5  10.
  18.8  33.2  47.9  63.8  77.5  88.8  94.2  97.9  99.3  99.6  99.9 100.
 100. ]
F1: 
[66.667 66.667 66.667 66.667 66.667 66.689 66.778 67.024 68.074 69.366
 71.588 72.904 72.695 68.513 61.548 50.069 35.545 19.911 10.923  4.11
  1.389  0.797  0.2    0.     0.   ]
Mean False Alarms: 
48.364000000000004
Mean Mis Detections: 
41.436
Mean F1: 
45.658
================================================================================
PLS
Reshaped CTs: torch.Size([249, 1024])
n: 249; p: 4; S: (4, 4); mu: (4,).
UCL: 2.4084883700149953
False Alarm:  40.647
Mis Detection:  41.216
Start testing windowed data...
False Alarms: 
[100.  100.  100.  100.  100.   99.9  99.6  98.3  95.3  87.8  75.1  61.5
  43.9  27.   14.8   8.6   3.6   1.2   0.3   0.    0.    0.    0.    0.
   0. ]
Mis Detections: 
[  0.    0.    0.    0.    0.    0.    0.    0.    0.1   1.    2.7   7.6
  17.   28.8  44.7  59.3  74.   86.7  92.5  97.2  99.4  99.7  99.9 100.
 100. ]
F1: 
[66.667 66.667 66.667 66.667 66.667 66.689 66.756 67.047 67.683 69.038
 71.439 72.785 73.16  71.847 65.021 54.521 40.123 23.231 13.915  5.447
  1.193  0.598  0.2    0.     0.   ]
Mean False Alarms: 
48.676
Mean Mis Detections: 
40.424
Mean F1: 
46.561
