Counter({0: 1672, 1: 828})
Validation set size: 332
torch.Size([332, 1, 32, 32]) torch.Size([332, 1, 16])
torch.Size([332, 6]) torch.Size([332, 6])
(332, 6) (332, 6)
torch.Size([2500, 1, 32, 32]) torch.Size([2500, 1, 16])
torch.Size([2500, 6]) torch.Size([2500, 6])
(2500, 6) (2500, 6)
Merged...
Bootstrap mean:  5.777810171338563
Normal as test.
Test set size:  1000
Mean correlations:  5.439
acc:  0.833

Abormal as test.
Test set size:  1000
Mean correlations:  3.845
acc:  1.0

False Alarm Rate:  16.7
Mis-Detection Rate:  0.0
F1:  92.293

Adjusted threshold for Type I error 0.05:  4.948828626520524
False Alarms:  5.0
Mis Detections:  0.0
F1:  97.56099999999999
Baseline...
Baseline model loaded successfully
Test set:  Counter({0: 1672, 1: 828})
Test ACC: 0.7508
Test - Truth: {1: 828, 0: 1672}
Test - Predictions: {0: 2293, 1: 207}
Test - Confusion Matrix: 
[[1671    1]
 [ 622  206]]
Test - False Alarm: 0.0006
Test - Mis-Detection: 0.7512
Start testing windowed data...
False Alarms: 
[0.2 0.  0.  0.  0.  0.  0.  0.  0.  0.  0.  0.  0.  0.  0.  0.  0.  0.
 0.  0.  0.  0.  0.  0.  0. ]
Mis Detections: 
[  0.    0.7   3.2   9.5  20.6  39.   57.7  73.2  85.8  93.4  97.6  99.1
  99.8 100.  100.  100.  100.  100.  100.  100.  100.  100.  100.  100.
 100. ]
F1: 
[99.9   99.649 98.374 95.013 88.517 75.776 59.452 42.271 24.869 12.383
  4.688  1.784  0.399  0.     0.     0.     0.     0.     0.     0.
  0.     0.     0.     0.     0.   ]
Mean False Alarms: 
0.008
Mean Mis Detections: 
75.184
Mean F1: 
28.122999999999998
================================================================================
Hotelling T2
n: 332; p: 6; S: (6, 6); mu: (6,).
UCL: 2.126423859413478
False Alarm:  8.193999999999999
Mis Detection:  0.0
================================================================================
PCA
n: 332; p: 6; S: (6, 6); mu: (6,).
UCL: 2.126423859413478
False Alarm:  12.081
Mis Detection:  0.0
================================================================================
PLS
Reshaped CTs: torch.Size([332, 1024])
n: 332; p: 6; S: (6, 6); mu: (6,).
UCL: 2.126423859413478
False Alarm:  12.261
Mis Detection:  0.0
