Likely running on a server
Counter({1: 2570, 0: 2430})
Counter({1: 2545, 0: 2455})
Validation set size: 1944
torch.Size([1944, 1, 32, 32]) torch.Size([1944, 1, 16])
torch.Size([1944, 6]) torch.Size([1944, 6])
(1944, 6) (1944, 6)
torch.Size([486, 1, 32, 32]) torch.Size([486, 1, 16])
torch.Size([486, 6]) torch.Size([486, 6])
(486, 6) (486, 6)
torch.Size([5000, 1, 32, 32]) torch.Size([5000, 1, 16])
torch.Size([5000, 6]) torch.Size([5000, 6])
(5000, 6) (5000, 6)
Merged Regime...
Bootstrap sample size:  2000
Test set size:  2000
>> Mean correlations:  4.013
>> Std correlations:  0.601

Normal as test.
Test set size:  1000
Mean correlations:  4.03
acc:  0.875

Abormal as test.
Test set size:  1000
Mean correlations:  3.015
acc:  0.771

False Alarm Rate:  12.5
Mis-Detection Rate:  22.900000000000002
F1:  81.329

Adjusted threshold for Type I error 0.01:  2.7186844272822634
False Alarms:  1.0
Mis Detections:  83.39999999999999
F1:  28.231
================================================================================
Hotelling T2
================================================================================
DCCA
Phase I data shape: (1000, 25, 6)
Grand mu: [-931.68555 -734.48706  204.98795  217.13551  504.38556  902.54504]
UCL: 10.658981343205587.
False Alarms: 
2.1999999999999997
Mis Detections: 
98.3
F1: 
3.272
================================================================================
PCA
PCA Training Shape: torch.Size([2430, 1, 16])
Explained Variance Ratio: [0.218796   0.06042161 0.05801848 0.05745659 0.05710598 0.05520581]
Total Variance Explained: 0.50700443983078
Phase I data shape: (1000, 25, 6)
Grand mu: [ 7.3894463e-03 -2.4320127e-03 -3.7494861e-03 -9.4782757e-03
 -1.7176681e-03  1.1891747e-05]
UCL: 10.658981343205587.
False Alarms: 
8.9
Mis Detections: 
75.0
F1: 
37.341
================================================================================
PLS
PLS CT Training Shape: torch.Size([2430, 1, 32, 32])
PLS SP Training Shape: torch.Size([2430, 1, 16])
Reshaped CTs: torch.Size([2430, 1024])
Phase I data shape: (1000, 25, 6)
Grand mu: [-0.01382867 -0.00086769 -0.00888514  0.00162182  0.00180986  0.00155783]
UCL: 10.658981343205587.
False Alarms: 
10.5
Mis Detections: 
68.8
F1: 
44.037
