Counter({0: 1257, 1: 1243})
Counter({1: 1299, 0: 1201})
Validation set size: 249
torch.Size([249, 1, 32, 32]) torch.Size([249, 1, 16])
torch.Size([249, 6]) torch.Size([249, 6])
(249, 6) (249, 6)
torch.Size([2500, 1, 32, 32]) torch.Size([2500, 1, 16])
torch.Size([2500, 6]) torch.Size([2500, 6])
(2500, 6) (2500, 6)
Merged...
Bootstrap mean:  5.372924523421843
Normal as test.
Test set size:  1000
Mean correlations:  4.935
acc:  0.775

Abormal as test.
Test set size:  1000
Mean correlations:  3.473
acc:  1.0

False Alarm Rate:  22.5
Mis-Detection Rate:  0.0
F1:  89.888

Adjusted threshold for Type I error 0.05:  4.365171146041026
False Alarms:  5.0
Mis Detections:  0.3
F1:  97.411
Baseline...
Baseline model loaded successfully
Test set:  Counter({0: 1299, 1: 1201})
Test ACC: 0.9480
Test - Truth: {0: 1299, 1: 1201}
Test - Predictions: {0: 1395, 1: 1105}
Test - Confusion Matrix: 
[[1282   17]
 [ 113 1088]]
Test - False Alarm: 0.0131
Test - Mis-Detection: 0.0941
Start testing windowed data...
False Alarms: 
[27.8  5.1  0.3  0.   0.   0.   0.   0.   0.   0.   0.   0.   0.   0.
  0.   0.   0.   0.   0.   0.   0.   0.   0.   0.   0. ]
Mis Detections: 
[ 0.   0.   0.   0.   0.   0.   0.   0.   0.   0.   0.   0.   0.   0.
  0.   0.   0.   0.1  0.3  2.5  7.8 20.6 45.1 69.9 91.7]
F1: 
[ 87.796  97.513  99.85  100.    100.    100.    100.    100.    100.
 100.    100.    100.    100.    100.    100.    100.    100.     99.95
  99.85   98.734  95.942  88.517  70.884  46.272  15.328]
Mean False Alarms: 
1.328
Mean Mis Detections: 
9.520000000000001
Mean F1: 
92.025
================================================================================
Hotelling T2
================================================================================
DCCA
Phase I data shape: (100, 25, 6)
Grand mu: [ -97.71396    40.481285 -141.07243   -45.552082  181.74936    42.087982]
UCL: 17.061037383053655.
False Alarms: 
4.5
Mis Detections: 
0.0
F1: 
97.8
================================================================================
PCA
PCA Training Shape: torch.Size([1243, 1, 16])
Explained Variance Ratio: [0.61857605 0.11694013 0.08891175 0.04745807 0.03183814 0.02608627]
Total Variance Explained: 0.9298104047775269
Phase I data shape: (100, 25, 6)
Grand mu: [ 0.04201087 -0.03996602  0.03334749 -0.01928423  0.0089265   0.00061954]
UCL: 17.061037383053655.
False Alarms: 
3.8
Mis Detections: 
0.0
F1: 
98.13499999999999
================================================================================
PLS
PLS CT Training Shape: torch.Size([1243, 1, 32, 32])
PLS SP Training Shape: torch.Size([1243, 1, 16])
Reshaped CTs: torch.Size([1243, 1024])
Phase I data shape: (100, 25, 6)
Grand mu: [-0.05678936  0.00184292 -0.00514658  0.02329958  0.01142378 -0.00659065]
UCL: 17.061037383053655.
False Alarms: 
4.3999999999999995
Mis Detections: 
0.0
F1: 
97.847
