Likely running on a server
Counter({1: 2544, 0: 2456})
Counter({1: 2504, 0: 2496})
Validation set size: 1964
torch.Size([1964, 1, 32, 32]) torch.Size([1964, 1, 16])
torch.Size([1964, 6]) torch.Size([1964, 6])
(1964, 6) (1964, 6)
torch.Size([492, 1, 32, 32]) torch.Size([492, 1, 16])
torch.Size([492, 6]) torch.Size([492, 6])
(492, 6) (492, 6)
torch.Size([5000, 1, 32, 32]) torch.Size([5000, 1, 16])
torch.Size([5000, 6]) torch.Size([5000, 6])
(5000, 6) (5000, 6)
Merged Regime...
Bootstrap sample size:  2000
Test set size:  2000
>> Mean correlations:  4.228
>> Std correlations:  0.555

Normal as test.
Test set size:  1000
Mean correlations:  4.208
acc:  0.94

Abormal as test.
Test set size:  1000
Mean correlations:  3.041
acc:  0.821

False Alarm Rate:  6.0
Mis-Detection Rate:  17.9
F1:  87.29400000000001
Baseline...
Baseline model loaded successfully
Test set:  Counter({1: 2504, 0: 2496})
Test ACC: 0.5472
Test - Truth: {1: 2504, 0: 2496}
Test - Predictions: {0: 4338, 1: 662}
Test - Confusion Matrix: 
[[2285  211]
 [2053  451]]
Test - False Alarm: 0.0845
Test - Mis-Detection: 0.8199
Start testing windowed data...
Mean False Alarms: 
8.64
Mean Mis Detections: 
81.756
Mean F1: 
18.014
================================================================================
Hotelling T2
================================================================================
DCCA
Phase I data shape: (1000, 25, 6)
UCL: 12.60906241866138.
False Alarms: 
1.3
Mis Detections: 
86.0
F1: 
24.284
================================================================================
PCA
PCA Training Shape: torch.Size([2456, 1, 16])
Explained Variance Ratio: [0.34200123 0.05475825 0.04970123 0.04888053 0.04801065 0.04652001]
Total Variance Explained: 0.589871883392334
Phase I data shape: (1000, 25, 6)
UCL: 12.60906241866138.
False Alarms: 
3.8
Mis Detections: 
66.2
F1: 
49.128
================================================================================
PLS
PLS CT Training Shape: torch.Size([2456, 1, 32, 32])
PLS SP Training Shape: torch.Size([2456, 1, 16])
Reshaped CTs: torch.Size([2456, 1024])
Phase I data shape: (1000, 25, 6)
UCL: 12.60906241866138.
False Alarms: 
4.5
Mis Detections: 
57.099999999999994
F1: 
58.209
