Likely running on a server
Counter({1: 2544, 0: 2456})
Counter({1: 2504, 0: 2496})
Validation set size: 1964
torch.Size([1964, 1, 32, 32]) torch.Size([1964, 1, 16])
torch.Size([1964, 6]) torch.Size([1964, 6])
(1964, 6) (1964, 6)
torch.Size([492, 1, 32, 32]) torch.Size([492, 1, 16])
torch.Size([492, 6]) torch.Size([492, 6])
(492, 6) (492, 6)
torch.Size([5000, 1, 32, 32]) torch.Size([5000, 1, 16])
torch.Size([5000, 6]) torch.Size([5000, 6])
(5000, 6) (5000, 6)
Merged Regime...
Bootstrap sample size:  2000
Test set size:  2000
>> Mean correlations:  4.6
>> Std correlations:  0.433

Normal as test.
Test set size:  1000
Mean correlations:  4.583
acc:  0.933

Abormal as test.
Test set size:  1000
Mean correlations:  3.24
acc:  0.981

False Alarm Rate:  6.7
Mis-Detection Rate:  1.9
F1:  95.801
Baseline...
Baseline model loaded successfully
Test set:  Counter({1: 2504, 0: 2496})
Test ACC: 0.5800
Test - Truth: {1: 2504, 0: 2496}
Test - Predictions: {0: 4318, 1: 682}
Test - Confusion Matrix: 
[[2357  139]
 [1961  543]]
Test - False Alarm: 0.0557
Test - Mis-Detection: 0.7831
Start testing windowed data...
Mean False Alarms: 
5.468
Mean Mis Detections: 
78.30799999999999
Mean F1: 
22.823999999999998
================================================================================
Hotelling T2
================================================================================
DCCA
Phase I data shape: (1000, 25, 6)
UCL: 12.60906241866138.
False Alarms: 
3.4000000000000004
Mis Detections: 
4.3999999999999995
F1: 
96.08
================================================================================
PCA
PCA Training Shape: torch.Size([2456, 1, 16])
Explained Variance Ratio: [0.5910684  0.04402371 0.03597284 0.03290114 0.03096405 0.02910268]
Total Variance Explained: 0.7640328407287598
Phase I data shape: (1000, 25, 6)
UCL: 12.60906241866138.
False Alarms: 
4.1000000000000005
Mis Detections: 
8.7
F1: 
93.449
================================================================================
PLS
PLS CT Training Shape: torch.Size([2456, 1, 32, 32])
PLS SP Training Shape: torch.Size([2456, 1, 16])
Reshaped CTs: torch.Size([2456, 1024])
Phase I data shape: (1000, 25, 6)
UCL: 12.60906241866138.
False Alarms: 
4.6
Mis Detections: 
8.799999999999999
F1: 
93.156
