Likely running on a server
Counter({1: 2544, 0: 2456})
Counter({1: 2504, 0: 2496})
Validation set size: 1964
torch.Size([1964, 1, 32, 32]) torch.Size([1964, 1, 16])
torch.Size([1964, 6]) torch.Size([1964, 6])
(1964, 6) (1964, 6)
torch.Size([492, 1, 32, 32]) torch.Size([492, 1, 16])
torch.Size([492, 6]) torch.Size([492, 6])
(492, 6) (492, 6)
torch.Size([5000, 1, 32, 32]) torch.Size([5000, 1, 16])
torch.Size([5000, 6]) torch.Size([5000, 6])
(5000, 6) (5000, 6)
Merged Regime...
Bootstrap sample size:  2000
Test set size:  2000
>> Mean correlations:  4.32
>> Std correlations:  0.61

Normal as test.
Test set size:  1000
Mean correlations:  4.365
acc:  0.951

Abormal as test.
Test set size:  1000
Mean correlations:  3.064
acc:  0.815

False Alarm Rate:  4.9
Mis-Detection Rate:  18.5
F1:  87.446
Baseline...
Baseline model loaded successfully
Test set:  Counter({1: 2504, 0: 2496})
Test ACC: 0.5466
Test - Truth: {1: 2504, 0: 2496}
Test - Predictions: {0: 4439, 1: 561}
Test - Confusion Matrix: 
[[2334  162]
 [2105  399]]
Test - False Alarm: 0.0649
Test - Mis-Detection: 0.8407
Start testing windowed data...
Mean False Alarms: 
6.768000000000001
Mean Mis Detections: 
83.952
Mean F1: 
16.262
================================================================================
Hotelling T2
================================================================================
DCCA
Phase I data shape: (1000, 25, 6)
UCL: 12.60906241866138.
False Alarms: 
3.6999999999999997
Mis Detections: 
84.8
F1: 
25.568
================================================================================
PCA
PCA Training Shape: torch.Size([2456, 1, 16])
Explained Variance Ratio: [0.43144202 0.05087138 0.044765   0.04263652 0.04250376 0.04054683]
Total Variance Explained: 0.6527655124664307
Phase I data shape: (1000, 25, 6)
UCL: 12.60906241866138.
False Alarms: 
3.5999999999999996
Mis Detections: 
44.6
F1: 
69.686
================================================================================
PLS
PLS CT Training Shape: torch.Size([2456, 1, 32, 32])
PLS SP Training Shape: torch.Size([2456, 1, 16])
Reshaped CTs: torch.Size([2456, 1024])
Phase I data shape: (1000, 25, 6)
UCL: 12.60906241866138.
False Alarms: 
3.9
Mis Detections: 
38.5
F1: 
74.36500000000001
