Likely running on a server
Counter({1: 2544, 0: 2456})
Counter({1: 2504, 0: 2496})
Validation set size: 1964
torch.Size([1964, 1, 32, 32]) torch.Size([1964, 1, 16])
torch.Size([1964, 6]) torch.Size([1964, 6])
(1964, 6) (1964, 6)
torch.Size([492, 1, 32, 32]) torch.Size([492, 1, 16])
torch.Size([492, 6]) torch.Size([492, 6])
(492, 6) (492, 6)
torch.Size([5000, 1, 32, 32]) torch.Size([5000, 1, 16])
torch.Size([5000, 6]) torch.Size([5000, 6])
(5000, 6) (5000, 6)
Merged Regime...
Bootstrap sample size:  2000
Test set size:  2000
>> Mean correlations:  4.269
>> Std correlations:  0.618

Normal as test.
Test set size:  1000
Mean correlations:  4.256
acc:  0.94

Abormal as test.
Test set size:  1000
Mean correlations:  3.047
acc:  0.785

False Alarm Rate:  6.0
Mis-Detection Rate:  21.5
F1:  85.095
Baseline...
Baseline model loaded successfully
Test set:  Counter({1: 2504, 0: 2496})
Test ACC: 0.5980
Test - Truth: {1: 2504, 0: 2496}
Test - Predictions: {0: 3646, 1: 1354}
Test - Confusion Matrix: 
[[2066  430]
 [1580  924]]
Test - False Alarm: 0.1723
Test - Mis-Detection: 0.6310
Start testing windowed data...
Mean False Alarms: 
17.44
Mean Mis Detections: 
63.016000000000005
Mean F1: 
34.332
================================================================================
Hotelling T2
================================================================================
DCCA
Phase I data shape: (1000, 25, 6)
UCL: 12.60906241866138.
False Alarms: 
3.6999999999999997
Mis Detections: 
95.6
F1: 
8.141
================================================================================
PCA
PCA Training Shape: torch.Size([2456, 1, 16])
Explained Variance Ratio: [0.38440624 0.05291656 0.04732958 0.04588852 0.04545857 0.04372386]
Total Variance Explained: 0.6197233200073242
Phase I data shape: (1000, 25, 6)
UCL: 12.60906241866138.
False Alarms: 
3.8
Mis Detections: 
56.00000000000001
F1: 
59.540000000000006
================================================================================
PLS
PLS CT Training Shape: torch.Size([2456, 1, 32, 32])
PLS SP Training Shape: torch.Size([2456, 1, 16])
Reshaped CTs: torch.Size([2456, 1024])
Phase I data shape: (1000, 25, 6)
UCL: 12.60906241866138.
False Alarms: 
4.3
Mis Detections: 
48.5
F1: 
66.11
