Likely running on a server
Counter({1: 2544, 0: 2456})
Counter({1: 2504, 0: 2496})
Validation set size: 1964
torch.Size([1964, 1, 32, 32]) torch.Size([1964, 1, 16])
torch.Size([1964, 6]) torch.Size([1964, 6])
(1964, 6) (1964, 6)
torch.Size([492, 1, 32, 32]) torch.Size([492, 1, 16])
torch.Size([492, 6]) torch.Size([492, 6])
(492, 6) (492, 6)
torch.Size([5000, 1, 32, 32]) torch.Size([5000, 1, 16])
torch.Size([5000, 6]) torch.Size([5000, 6])
(5000, 6) (5000, 6)
Merged Regime...
Bootstrap sample size:  2000
Test set size:  2000
>> Mean correlations:  4.563
>> Std correlations:  0.506

Normal as test.
Test set size:  1000
Mean correlations:  4.581
acc:  0.947

Abormal as test.
Test set size:  1000
Mean correlations:  3.236
acc:  0.937

False Alarm Rate:  5.3
Mis-Detection Rate:  6.3
F1:  94.171
Baseline...
Baseline model loaded successfully
Test set:  Counter({1: 2504, 0: 2496})
Test ACC: 0.5816
Test - Truth: {1: 2504, 0: 2496}
Test - Predictions: {0: 4232, 1: 768}
Test - Confusion Matrix: 
[[2318  178]
 [1914  590]]
Test - False Alarm: 0.0713
Test - Mis-Detection: 0.7644
Start testing windowed data...
Mean False Alarms: 
7.188
Mean Mis Detections: 
76.108
Mean F1: 
24.446
================================================================================
Hotelling T2
================================================================================
DCCA
Phase I data shape: (1000, 25, 6)
UCL: 12.60906241866138.
False Alarms: 
2.3
Mis Detections: 
6.2
F1: 
95.665
================================================================================
PCA
PCA Training Shape: torch.Size([2456, 1, 16])
Explained Variance Ratio: [0.53624356 0.04634391 0.03904151 0.03626008 0.0349487  0.03314297]
Total Variance Explained: 0.7259807586669922
Phase I data shape: (1000, 25, 6)
UCL: 12.60906241866138.
False Alarms: 
3.6999999999999997
Mis Detections: 
18.0
F1: 
88.31400000000001
================================================================================
PLS
PLS CT Training Shape: torch.Size([2456, 1, 32, 32])
PLS SP Training Shape: torch.Size([2456, 1, 16])
Reshaped CTs: torch.Size([2456, 1024])
Phase I data shape: (1000, 25, 6)
UCL: 12.60906241866138.
False Alarms: 
4.3999999999999995
Mis Detections: 
16.8
F1: 
88.699
