Likely running on a server
Counter({1: 2570, 0: 2430})
Counter({1: 2545, 0: 2455})
Validation set size: 1944
torch.Size([1944, 1, 32, 32]) torch.Size([1944, 1, 16])
torch.Size([1944, 6]) torch.Size([1944, 6])
(1944, 6) (1944, 6)
torch.Size([486, 1, 32, 32]) torch.Size([486, 1, 16])
torch.Size([486, 6]) torch.Size([486, 6])
(486, 6) (486, 6)
torch.Size([5000, 1, 32, 32]) torch.Size([5000, 1, 16])
torch.Size([5000, 6]) torch.Size([5000, 6])
(5000, 6) (5000, 6)
Merged Regime...
Bootstrap sample size:  2000
Test set size:  2000
>> Mean correlations:  5.362
>> Std correlations:  0.306

Normal as test.
Test set size:  1000
Mean correlations:  5.234
acc:  0.89

Abormal as test.
Test set size:  1000
Mean correlations:  3.439
acc:  1.0

False Alarm Rate:  11.0
Mis-Detection Rate:  0.0
F1:  94.787

Adjusted threshold for Type I error 0.01:  4.433781000237606
False Alarms:  1.0
Mis Detections:  0.1
F1:  99.452
Baseline...
Baseline model loaded successfully
Test set:  Counter({1: 2545, 0: 2455})
Test ACC: 0.6570
Test - Truth: {0: 2455, 1: 2545}
Test - Predictions: {0: 3954, 1: 1046}
Test - Confusion Matrix: 
[[2347  108]
 [1607  938]]
Test - False Alarm: 0.0440
Test - Mis-Detection: 0.6314
Start testing windowed data...
False Alarms: 
[66.1 30.7 10.4  2.7  0.7  0.   0.   0.   0.   0.   0.   0.   0.   0.
  0.   0.   0.   0.   0.   0.   0.   0.   0.   0.   0. ]
Mis Detections: 
[  0.    0.    0.1   0.9   2.4   6.6  14.1  24.8  39.8  57.2  72.4  84.2
  91.5  96.3  98.5  99.3  99.8  99.8 100.  100.  100.  100.  100.  100.
 100. ]
F1: 
[75.16  86.693 95.007 98.216 98.437 96.587 92.415 85.845 75.156 59.944
 43.26  27.288 15.668  7.136  2.956  1.39   0.399  0.399  0.     0.
  0.     0.     0.     0.     0.   ]
Mean False Alarms: 
4.424
Mean Mis Detections: 
63.507999999999996
Mean F1: 
38.478
================================================================================
Hotelling T2
================================================================================
DCCA
Phase I data shape: (1000, 25, 6)
Grand mu: [  800.7686  -1565.1046   -345.5332    191.96298  2501.0735  -1457.2443 ]
UCL: 12.60906241866138.
False Alarms: 
5.2
Mis Detections: 
0.0
F1: 
97.466
================================================================================
PCA
PCA Training Shape: torch.Size([2430, 1, 16])
Explained Variance Ratio: [0.8067546  0.03566165 0.0221932  0.01853103 0.01579965 0.01440103]
Total Variance Explained: 0.9133411049842834
Phase I data shape: (1000, 25, 6)
Grand mu: [ 0.00533978 -0.00146961  0.00238411  0.00323241  0.00134061 -0.00083477]
UCL: 12.60906241866138.
False Alarms: 
4.9
Mis Detections: 
0.0
F1: 
97.609
================================================================================
PLS
PLS CT Training Shape: torch.Size([2430, 1, 32, 32])
PLS SP Training Shape: torch.Size([2430, 1, 16])
Reshaped CTs: torch.Size([2430, 1024])
Phase I data shape: (1000, 25, 6)
Grand mu: [-0.0255921  -0.0021703   0.00187904 -0.00209514  0.00086674 -0.00591236]
UCL: 12.60906241866138.
False Alarms: 
4.3
Mis Detections: 
0.0
F1: 
97.895
