Likely running on a server
Counter({1: 2544, 0: 2456})
Counter({1: 2504, 0: 2496})
Validation set size: 1964
torch.Size([1964, 1, 32, 32]) torch.Size([1964, 1, 16])
torch.Size([1964, 6]) torch.Size([1964, 6])
(1964, 6) (1964, 6)
torch.Size([492, 1, 32, 32]) torch.Size([492, 1, 16])
torch.Size([492, 6]) torch.Size([492, 6])
(492, 6) (492, 6)
torch.Size([5000, 1, 32, 32]) torch.Size([5000, 1, 16])
torch.Size([5000, 6]) torch.Size([5000, 6])
(5000, 6) (5000, 6)
Merged Regime...
Bootstrap sample size:  2000
Test set size:  2000
>> Mean correlations:  4.734
>> Std correlations:  0.607

Normal as test.
Test set size:  1000
Mean correlations:  4.491
acc:  0.894

Abormal as test.
Test set size:  1000
Mean correlations:  3.25
acc:  0.926

False Alarm Rate:  10.6
Mis-Detection Rate:  7.3999999999999995
F1:  91.142
Baseline...
Baseline model loaded successfully
Test set:  Counter({1: 2504, 0: 2496})
Test ACC: 0.5200
Test - Truth: {1: 2504, 0: 2496}
Test - Predictions: {0: 4426, 1: 574}
Test - Confusion Matrix: 
[[2261  235]
 [2165  339]]
Test - False Alarm: 0.0942
Test - Mis-Detection: 0.8646
Start testing windowed data...
Mean False Alarms: 
9.398
Mean Mis Detections: 
86.605
Mean F1: 
12.222
================================================================================
Hotelling T2
================================================================================
DCCA
Phase I data shape: (1000, 40, 6)
UCL: 12.60718371856499.
False Alarms: 
2.9000000000000004
Mis Detections: 
97.3
F1: 
5.114
