Likely running on a server
Counter({1: 2544, 0: 2456})
Counter({1: 2504, 0: 2496})
Validation set size: 1964
torch.Size([1964, 1, 32, 32]) torch.Size([1964, 1, 16])
torch.Size([1964, 6]) torch.Size([1964, 6])
(1964, 6) (1964, 6)
torch.Size([492, 1, 32, 32]) torch.Size([492, 1, 16])
torch.Size([492, 6]) torch.Size([492, 6])
(492, 6) (492, 6)
torch.Size([5000, 1, 32, 32]) torch.Size([5000, 1, 16])
torch.Size([5000, 6]) torch.Size([5000, 6])
(5000, 6) (5000, 6)
Merged Regime...
Bootstrap sample size:  2000
Test set size:  2000
>> Mean correlations:  4.734
>> Std correlations:  0.607

Normal as test.
Test set size:  1000
Mean correlations:  4.303
acc:  0.821

Abormal as test.
Test set size:  1000
Mean correlations:  3.013
acc:  0.999

False Alarm Rate:  17.9
Mis-Detection Rate:  0.1
F1:  91.73599999999999
Baseline...
Baseline model loaded successfully
Test set:  Counter({1: 2504, 0: 2496})
Test ACC: 0.5272
Test - Truth: {1: 2504, 0: 2496}
Test - Predictions: {0: 4336, 1: 664}
Test - Confusion Matrix: 
[[2234  262]
 [2102  402]]
Test - False Alarm: 0.1050
Test - Mis-Detection: 0.8395
Start testing windowed data...
Mean False Alarms: 
10.525
Mean Mis Detections: 
84.17
Mean F1: 
14.374
================================================================================
Hotelling T2
================================================================================
DCCA
Phase I data shape: (1000, 40, 6)
UCL: 12.60718371856499.
False Alarms: 
93.30000000000001
Mis Detections: 
0.0
F1: 
68.19
