Likely running on a server
Counter({1: 2544, 0: 2456})
Counter({1: 2504, 0: 2496})
Validation set size: 1964
torch.Size([1964, 1, 32, 32]) torch.Size([1964, 1, 16])
torch.Size([1964, 6]) torch.Size([1964, 6])
(1964, 6) (1964, 6)
torch.Size([492, 1, 32, 32]) torch.Size([492, 1, 16])
torch.Size([492, 6]) torch.Size([492, 6])
(492, 6) (492, 6)
torch.Size([5000, 1, 32, 32]) torch.Size([5000, 1, 16])
torch.Size([5000, 6]) torch.Size([5000, 6])
(5000, 6) (5000, 6)
Merged Regime...
Bootstrap sample size:  2000
Test set size:  2000
>> Mean correlations:  4.734
>> Std correlations:  0.607

Normal as test.
Test set size:  1000
Mean correlations:  4.075
acc:  0.731

Abormal as test.
Test set size:  1000
Mean correlations:  2.9
acc:  1.0

False Alarm Rate:  26.900000000000002
Mis-Detection Rate:  0.0
F1:  88.145
Baseline...
Baseline model loaded successfully
Test set:  Counter({1: 2504, 0: 2496})
Test ACC: 0.5090
Test - Truth: {1: 2504, 0: 2496}
Test - Predictions: {0: 4431, 1: 569}
Test - Confusion Matrix: 
[[2236  260]
 [2195  309]]
Test - False Alarm: 0.1042
Test - Mis-Detection: 0.8766
Start testing windowed data...
Mean False Alarms: 
10.482
Mean Mis Detections: 
87.842
Mean F1: 
10.648
================================================================================
Hotelling T2
================================================================================
DCCA
Phase I data shape: (1000, 40, 6)
UCL: 12.60718371856499.
False Alarms: 
100.0
Mis Detections: 
0.0
F1: 
66.667
