Likely running on a server
Counter({1: 2544, 0: 2456})
Counter({1: 2504, 0: 2496})
Validation set size: 1964
torch.Size([1964, 1, 32, 32]) torch.Size([1964, 1, 16])
torch.Size([1964, 6]) torch.Size([1964, 6])
(1964, 6) (1964, 6)
torch.Size([492, 1, 32, 32]) torch.Size([492, 1, 16])
torch.Size([492, 6]) torch.Size([492, 6])
(492, 6) (492, 6)
torch.Size([5000, 1, 32, 32]) torch.Size([5000, 1, 16])
torch.Size([5000, 6]) torch.Size([5000, 6])
(5000, 6) (5000, 6)
Merged Regime...
Bootstrap sample size:  2000
Test set size:  2000
>> Mean correlations:  4.734
>> Std correlations:  0.607

Normal as test.
Test set size:  1000
Mean correlations:  4.351
acc:  0.839

Abormal as test.
Test set size:  1000
Mean correlations:  3.063
acc:  0.994

False Alarm Rate:  16.1
Mis-Detection Rate:  0.6
F1:  92.251
Baseline...
Baseline model loaded successfully
Test set:  Counter({1: 2504, 0: 2496})
Test ACC: 0.5206
Test - Truth: {1: 2504, 0: 2496}
Test - Predictions: {0: 4371, 1: 629}
Test - Confusion Matrix: 
[[2235  261]
 [2136  368]]
Test - False Alarm: 0.1046
Test - Mis-Detection: 0.8530
Start testing windowed data...
Mean False Alarms: 
10.478
Mean Mis Detections: 
85.47200000000001
Mean F1: 
13.044
================================================================================
Hotelling T2
================================================================================
DCCA
Phase I data shape: (1000, 40, 6)
UCL: 12.60718371856499.
False Alarms: 
65.4
Mis Detections: 
4.9
F1: 
73.01299999999999
