Likely running on a server
Counter({1: 2544, 0: 2456})
Counter({1: 2504, 0: 2496})
Validation set size: 1964
torch.Size([1964, 1, 32, 32]) torch.Size([1964, 1, 16])
torch.Size([1964, 6]) torch.Size([1964, 6])
(1964, 6) (1964, 6)
torch.Size([492, 1, 32, 32]) torch.Size([492, 1, 16])
torch.Size([492, 6]) torch.Size([492, 6])
(492, 6) (492, 6)
torch.Size([5000, 1, 32, 32]) torch.Size([5000, 1, 16])
torch.Size([5000, 6]) torch.Size([5000, 6])
(5000, 6) (5000, 6)
Merged Regime...
Bootstrap sample size:  2000
Test set size:  2000
>> Mean correlations:  4.734
>> Std correlations:  0.607

Normal as test.
Test set size:  1000
Mean correlations:  4.596
acc:  0.922

Abormal as test.
Test set size:  1000
Mean correlations:  3.457
acc:  0.734

False Alarm Rate:  7.8
Mis-Detection Rate:  26.6
F1:  81.015
Baseline...
Baseline model loaded successfully
Test set:  Counter({1: 2504, 0: 2496})
Test ACC: 0.5140
Test - Truth: {1: 2504, 0: 2496}
Test - Predictions: {0: 4494, 1: 506}
Test - Confusion Matrix: 
[[2280  216]
 [2214  290]]
Test - False Alarm: 0.0865
Test - Mis-Detection: 0.8842
Start testing windowed data...
Mean False Alarms: 
8.718
Mean Mis Detections: 
88.632
Mean F1: 
10.345
================================================================================
Hotelling T2
================================================================================
DCCA
Phase I data shape: (1000, 40, 6)
UCL: 12.60718371856499.
False Alarms: 
1.7000000000000002
Mis Detections: 
99.6
F1: 
0.784
