Likely running on a server
Counter({1: 2544, 0: 2456})
Counter({1: 2504, 0: 2496})
Validation set size: 1964
torch.Size([1964, 1, 32, 32]) torch.Size([1964, 1, 16])
torch.Size([1964, 6]) torch.Size([1964, 6])
(1964, 6) (1964, 6)
torch.Size([492, 1, 32, 32]) torch.Size([492, 1, 16])
torch.Size([492, 6]) torch.Size([492, 6])
(492, 6) (492, 6)
torch.Size([5000, 1, 32, 32]) torch.Size([5000, 1, 16])
torch.Size([5000, 6]) torch.Size([5000, 6])
(5000, 6) (5000, 6)
Merged Regime...
Bootstrap sample size:  2000
Test set size:  2000
>> Mean correlations:  4.734
>> Std correlations:  0.607

Normal as test.
Test set size:  1000
Mean correlations:  3.84
acc:  0.614

Abormal as test.
Test set size:  1000
Mean correlations:  2.807
acc:  1.0

False Alarm Rate:  38.6
Mis-Detection Rate:  0.0
F1:  83.822
Baseline...
Baseline model loaded successfully
Test set:  Counter({1: 2504, 0: 2496})
Test ACC: 0.4892
Test - Truth: {1: 2504, 0: 2496}
Test - Predictions: {0: 4618, 1: 382}
Test - Confusion Matrix: 
[[2280  216]
 [2338  166]]
Test - False Alarm: 0.0865
Test - Mis-Detection: 0.9337
Start testing windowed data...
Mean False Alarms: 
8.842
Mean Mis Detections: 
93.19800000000001
Mean F1: 
5.849
================================================================================
Hotelling T2
================================================================================
DCCA
Phase I data shape: (1000, 40, 6)
UCL: 12.60718371856499.
False Alarms: 
100.0
Mis Detections: 
0.0
F1: 
66.667
