Likely running on a server
Counter({1: 2544, 0: 2456})
Counter({1: 2504, 0: 2496})
Validation set size: 1964
torch.Size([1964, 1, 32, 32]) torch.Size([1964, 1, 16])
torch.Size([1964, 6]) torch.Size([1964, 6])
(1964, 6) (1964, 6)
torch.Size([492, 1, 32, 32]) torch.Size([492, 1, 16])
torch.Size([492, 6]) torch.Size([492, 6])
(492, 6) (492, 6)
torch.Size([5000, 1, 32, 32]) torch.Size([5000, 1, 16])
torch.Size([5000, 6]) torch.Size([5000, 6])
(5000, 6) (5000, 6)
Merged Regime...
Bootstrap sample size:  2000
Test set size:  2000
>> Mean correlations:  4.734
>> Std correlations:  0.607

Normal as test.
Test set size:  1000
Mean correlations:  3.699
acc:  0.546

Abormal as test.
Test set size:  1000
Mean correlations:  2.709
acc:  1.0

False Alarm Rate:  45.4
Mis-Detection Rate:  0.0
F1:  81.5
Baseline...
Baseline model loaded successfully
Test set:  Counter({1: 2504, 0: 2496})
Test ACC: 0.4738
Test - Truth: {1: 2504, 0: 2496}
Test - Predictions: {0: 4741, 1: 259}
Test - Confusion Matrix: 
[[2303  193]
 [2438   66]]
Test - False Alarm: 0.0773
Test - Mis-Detection: 0.9736
Start testing windowed data...
Mean False Alarms: 
7.9479999999999995
Mean Mis Detections: 
97.365
Mean F1: 
2.25
================================================================================
Hotelling T2
================================================================================
DCCA
Phase I data shape: (1000, 40, 6)
UCL: 12.60718371856499.
False Alarms: 
100.0
Mis Detections: 
0.0
F1: 
66.667
