Likely running on a server
Counter({1: 2544, 0: 2456})
Counter({1: 2504, 0: 2496})
Validation set size: 1964
torch.Size([1964, 1, 32, 32]) torch.Size([1964, 1, 16])
torch.Size([1964, 6]) torch.Size([1964, 6])
(1964, 6) (1964, 6)
torch.Size([492, 1, 32, 32]) torch.Size([492, 1, 16])
torch.Size([492, 6]) torch.Size([492, 6])
(492, 6) (492, 6)
torch.Size([5000, 1, 32, 32]) torch.Size([5000, 1, 16])
torch.Size([5000, 6]) torch.Size([5000, 6])
(5000, 6) (5000, 6)
Merged Regime...
Bootstrap sample size:  2000
Test set size:  2000
>> Mean correlations:  4.734
>> Std correlations:  0.607

Normal as test.
Test set size:  1000
Mean correlations:  4.373
acc:  0.853

Abormal as test.
Test set size:  1000
Mean correlations:  3.114
acc:  0.982

False Alarm Rate:  14.7
Mis-Detection Rate:  1.7999999999999998
F1:  92.25
Baseline...
Baseline model loaded successfully
Test set:  Counter({1: 2504, 0: 2496})
Test ACC: 0.5172
Test - Truth: {1: 2504, 0: 2496}
Test - Predictions: {0: 4378, 1: 622}
Test - Confusion Matrix: 
[[2230  266]
 [2148  356]]
Test - False Alarm: 0.1066
Test - Mis-Detection: 0.8578
Start testing windowed data...
Mean False Alarms: 
10.592
Mean Mis Detections: 
85.99
Mean F1: 
12.415
================================================================================
Hotelling T2
================================================================================
DCCA
Phase I data shape: (1000, 40, 6)
UCL: 12.60718371856499.
False Alarms: 
28.199999999999996
Mis Detections: 
42.3
F1: 
62.076
