Likely running on a server
Counter({1: 2544, 0: 2456})
Counter({1: 2504, 0: 2496})
Validation set size: 1964
torch.Size([1964, 1, 32, 32]) torch.Size([1964, 1, 16])
torch.Size([1964, 6]) torch.Size([1964, 6])
(1964, 6) (1964, 6)
torch.Size([492, 1, 32, 32]) torch.Size([492, 1, 16])
torch.Size([492, 6]) torch.Size([492, 6])
(492, 6) (492, 6)
torch.Size([5000, 1, 32, 32]) torch.Size([5000, 1, 16])
torch.Size([5000, 6]) torch.Size([5000, 6])
(5000, 6) (5000, 6)
Merged Regime...
Bootstrap sample size:  2000
Test set size:  2000
>> Mean correlations:  4.303
>> Std correlations:  0.609

Normal as test.
Test set size:  1000
Mean correlations:  4.279
acc:  0.935

Abormal as test.
Test set size:  1000
Mean correlations:  2.988
acc:  0.858

False Alarm Rate:  6.5
Mis-Detection Rate:  14.2
F1:  89.236
Baseline...
Baseline model loaded successfully
Test set:  Counter({1: 2504, 0: 2496})
Test ACC: 0.5882
Test - Truth: {1: 2504, 0: 2496}
Test - Predictions: {1: 1423, 0: 3577}
Test - Confusion Matrix: 
[[2007  489]
 [1570  934]]
Test - False Alarm: 0.1959
Test - Mis-Detection: 0.6270
Start testing windowed data...
Mean False Alarms: 
19.348000000000003
Mean Mis Detections: 
62.7
Mean F1: 
33.955999999999996
================================================================================
Hotelling T2
================================================================================
DCCA
Phase I data shape: (1000, 25, 6)
UCL: 12.60906241866138.
False Alarms: 
3.3000000000000003
Mis Detections: 
85.2
F1: 
25.063999999999997
================================================================================
PCA
PCA Training Shape: torch.Size([2456, 1, 16])
Explained Variance Ratio: [0.38440624 0.05291656 0.04732958 0.04588852 0.04545857 0.04372386]
Total Variance Explained: 0.6197233200073242
Phase I data shape: (1000, 25, 6)
UCL: 12.60906241866138.
False Alarms: 
3.8
Mis Detections: 
56.00000000000001
F1: 
59.540000000000006
================================================================================
PLS
PLS CT Training Shape: torch.Size([2456, 1, 32, 32])
PLS SP Training Shape: torch.Size([2456, 1, 16])
Reshaped CTs: torch.Size([2456, 1024])
Phase I data shape: (1000, 25, 6)
UCL: 12.60906241866138.
False Alarms: 
4.3
Mis Detections: 
48.5
F1: 
66.11
================================================================================
AutoEncoder
AE Data Shape: torch.Size([2456, 1, 16])
(1964, 6)
Phase I data shape: (1000, 25, 6)
UCL: 12.60906241866138.
False Alarms: 
5.3
Mis Detections: 
87.3
F1: 
21.525
================================================================================
SIMCLR
SIMCLR Data Shape: torch.Size([2456, 1, 16])
(1964, 6)
Phase I data shape: (1000, 25, 6)
UCL: 12.60906241866138.
False Alarms: 
5.2
Mis Detections: 
67.60000000000001
F1: 
47.093
================================================================================
SIMCLR-CLIP
SIMCLR-CLIP Data Shape: torch.Size([2456, 1, 16])
(1964, 6)
Phase I data shape: (1000, 25, 6)
UCL: 12.60906241866138.
False Alarms: 
4.2
Mis Detections: 
25.8
F1: 
83.184
