Likely running on a server
Counter({1: 2544, 0: 2456})
Counter({1: 2504, 0: 2496})
Validation set size: 1964
torch.Size([1964, 1, 32, 32]) torch.Size([1964, 1, 16])
torch.Size([1964, 6]) torch.Size([1964, 6])
(1964, 6) (1964, 6)
torch.Size([492, 1, 32, 32]) torch.Size([492, 1, 16])
torch.Size([492, 6]) torch.Size([492, 6])
(492, 6) (492, 6)
torch.Size([5000, 1, 32, 32]) torch.Size([5000, 1, 16])
torch.Size([5000, 6]) torch.Size([5000, 6])
(5000, 6) (5000, 6)
Merged Regime...
Bootstrap sample size:  2000
Test set size:  2000
>> Mean correlations:  4.881
>> Std correlations:  0.337

Normal as test.
Test set size:  1000
Mean correlations:  4.872
acc:  0.945

Abormal as test.
Test set size:  1000
Mean correlations:  3.458
acc:  0.999

False Alarm Rate:  5.5
Mis-Detection Rate:  0.1
F1:  97.274
Baseline...
Baseline model loaded successfully
Test set:  Counter({1: 2504, 0: 2496})
Test ACC: 0.6706
Test - Truth: {1: 2504, 0: 2496}
Test - Predictions: {1: 1235, 0: 3765}
Test - Confusion Matrix: 
[[2307  189]
 [1458 1046]]
Test - False Alarm: 0.0757
Test - Mis-Detection: 0.5823
Start testing windowed data...
Mean False Alarms: 
7.5200000000000005
Mean Mis Detections: 
57.828
Mean F1: 
43.046
================================================================================
Hotelling T2
================================================================================
DCCA
Phase I data shape: (1000, 25, 6)
UCL: 12.60906241866138.
False Alarms: 
5.1
Mis Detections: 
0.0
F1: 
97.513
================================================================================
PCA
PCA Training Shape: torch.Size([2456, 1, 16])
Explained Variance Ratio: [0.73953646 0.03807794 0.02727057 0.02357287 0.02040237 0.01835627]
Total Variance Explained: 0.8672164678573608
Phase I data shape: (1000, 25, 6)
UCL: 12.60906241866138.
False Alarms: 
4.0
Mis Detections: 
0.0
F1: 
98.039
================================================================================
PLS
PLS CT Training Shape: torch.Size([2456, 1, 32, 32])
PLS SP Training Shape: torch.Size([2456, 1, 16])
Reshaped CTs: torch.Size([2456, 1024])
Phase I data shape: (1000, 25, 6)
UCL: 12.60906241866138.
False Alarms: 
4.8
Mis Detections: 
0.0
F1: 
97.65599999999999
================================================================================
AutoEncoder
AE Data Shape: torch.Size([2456, 1, 16])
(1964, 6)
Phase I data shape: (1000, 25, 6)
UCL: 12.60906241866138.
False Alarms: 
4.3
Mis Detections: 
41.8
F1: 
71.631
================================================================================
SIMCLR
SIMCLR Data Shape: torch.Size([2456, 1, 16])
(1964, 6)
Phase I data shape: (1000, 25, 6)
UCL: 12.60906241866138.
False Alarms: 
3.4000000000000004
Mis Detections: 
0.0
F1: 
98.328
================================================================================
SIMCLR-CLIP
SIMCLR-CLIP Data Shape: torch.Size([2456, 1, 16])
(1964, 6)
Phase I data shape: (1000, 25, 6)
UCL: 12.60906241866138.
False Alarms: 
4.8
Mis Detections: 
0.0
F1: 
97.65599999999999
