Likely running on a server
Counter({1: 2544, 0: 2456})
Counter({1: 2504, 0: 2496})
Validation set size: 1964
torch.Size([1964, 1, 32, 32]) torch.Size([1964, 1, 16])
torch.Size([1964, 6]) torch.Size([1964, 6])
(1964, 6) (1964, 6)
torch.Size([492, 1, 32, 32]) torch.Size([492, 1, 16])
torch.Size([492, 6]) torch.Size([492, 6])
(492, 6) (492, 6)
torch.Size([5000, 1, 32, 32]) torch.Size([5000, 1, 16])
torch.Size([5000, 6]) torch.Size([5000, 6])
(5000, 6) (5000, 6)
Merged Regime...
Bootstrap sample size:  2000
Test set size:  2000
>> Mean correlations:  4.242
>> Std correlations:  0.523

Normal as test.
Test set size:  1000
Mean correlations:  4.242
acc:  0.936

Abormal as test.
Test set size:  1000
Mean correlations:  3.098
acc:  0.815

False Alarm Rate:  6.4
Mis-Detection Rate:  18.5
F1:  86.748
Baseline...
Baseline model loaded successfully
Test set:  Counter({1: 2504, 0: 2496})
Test ACC: 0.5382
Test - Truth: {1: 2504, 0: 2496}
Test - Predictions: {0: 4505, 1: 495}
Test - Confusion Matrix: 
[[2346  150]
 [2159  345]]
Test - False Alarm: 0.0601
Test - Mis-Detection: 0.8622
Start testing windowed data...
Mean False Alarms: 
5.94
Mean Mis Detections: 
85.98
Mean F1: 
14.455000000000002
================================================================================
Hotelling T2
================================================================================
DCCA
Phase I data shape: (1000, 25, 6)
UCL: 12.60906241866138.
False Alarms: 
1.7999999999999998
Mis Detections: 
69.5
F1: 
46.107
================================================================================
PCA
PCA Training Shape: torch.Size([2456, 1, 16])
Explained Variance Ratio: [0.34200123 0.05475825 0.04970123 0.04888053 0.04801065 0.04652001]
Total Variance Explained: 0.589871883392334
Phase I data shape: (1000, 25, 6)
UCL: 12.60906241866138.
False Alarms: 
3.8
Mis Detections: 
66.2
F1: 
49.128
================================================================================
PLS
PLS CT Training Shape: torch.Size([2456, 1, 32, 32])
PLS SP Training Shape: torch.Size([2456, 1, 16])
Reshaped CTs: torch.Size([2456, 1024])
Phase I data shape: (1000, 25, 6)
UCL: 12.60906241866138.
False Alarms: 
4.5
Mis Detections: 
57.099999999999994
F1: 
58.209
================================================================================
AutoEncoder
AE Data Shape: torch.Size([2456, 1, 16])
(1964, 6)
Phase I data shape: (1000, 25, 6)
UCL: 12.60906241866138.
False Alarms: 
5.5
Mis Detections: 
92.7
F1: 
12.943
================================================================================
SIMCLR
SIMCLR Data Shape: torch.Size([2456, 1, 16])
(1964, 6)
Phase I data shape: (1000, 25, 6)
UCL: 12.60906241866138.
False Alarms: 
3.4000000000000004
Mis Detections: 
76.1
F1: 
37.549
================================================================================
SIMCLR-CLIP
SIMCLR-CLIP Data Shape: torch.Size([2456, 1, 16])
(1964, 6)
Phase I data shape: (1000, 25, 6)
UCL: 12.60906241866138.
False Alarms: 
3.9
Mis Detections: 
28.999999999999996
F1: 
81.189
