Likely running on a server
Counter({1: 2544, 0: 2456})
Counter({1: 2504, 0: 2496})
Validation set size: 1964
torch.Size([1964, 1, 32, 32]) torch.Size([1964, 1, 16])
torch.Size([1964, 6]) torch.Size([1964, 6])
(1964, 6) (1964, 6)
torch.Size([492, 1, 32, 32]) torch.Size([492, 1, 16])
torch.Size([492, 6]) torch.Size([492, 6])
(492, 6) (492, 6)
torch.Size([5000, 1, 32, 32]) torch.Size([5000, 1, 16])
torch.Size([5000, 6]) torch.Size([5000, 6])
(5000, 6) (5000, 6)
Merged Regime...
Bootstrap sample size:  2000
Test set size:  2000
>> Mean correlations:  4.174
>> Std correlations:  0.606

Normal as test.
Test set size:  1000
Mean correlations:  4.083
acc:  0.925

Abormal as test.
Test set size:  1000
Mean correlations:  2.988
acc:  0.758

False Alarm Rate:  7.5
Mis-Detection Rate:  24.2
F1:  82.706
Baseline...
Baseline model loaded successfully
Test set:  Counter({1: 2504, 0: 2496})
Test ACC: 0.5240
Test - Truth: {1: 2504, 0: 2496}
Test - Predictions: {0: 4538, 1: 462}
Test - Confusion Matrix: 
[[2327  169]
 [2211  293]]
Test - False Alarm: 0.0677
Test - Mis-Detection: 0.8830
Start testing windowed data...
Mean False Alarms: 
6.744
Mean Mis Detections: 
88.384
Mean F1: 
11.664
================================================================================
Hotelling T2
================================================================================
DCCA
Phase I data shape: (1000, 25, 6)
UCL: 12.60906241866138.
False Alarms: 
3.0
Mis Detections: 
99.1
F1: 
1.7319999999999998
================================================================================
PCA
PCA Training Shape: torch.Size([2456, 1, 16])
Explained Variance Ratio: [0.27159685 0.05781968 0.05418479 0.05337501 0.05231284 0.05109832]
Total Variance Explained: 0.5403875112533569
Phase I data shape: (1000, 25, 6)
UCL: 12.60906241866138.
False Alarms: 
3.9
Mis Detections: 
83.7
F1: 
27.121000000000002
================================================================================
PLS
PLS CT Training Shape: torch.Size([2456, 1, 32, 32])
PLS SP Training Shape: torch.Size([2456, 1, 16])
Reshaped CTs: torch.Size([2456, 1024])
Phase I data shape: (1000, 25, 6)
UCL: 12.60906241866138.
False Alarms: 
4.2
Mis Detections: 
70.39999999999999
F1: 
44.245000000000005
================================================================================
AutoEncoder
AE Data Shape: torch.Size([2456, 1, 16])
(1964, 6)
Phase I data shape: (1000, 25, 6)
UCL: 12.60906241866138.
False Alarms: 
4.3999999999999995
Mis Detections: 
94.5
F1: 
10.009
================================================================================
SIMCLR
SIMCLR Data Shape: torch.Size([2456, 1, 16])
(1964, 6)
Phase I data shape: (1000, 25, 6)
UCL: 12.60906241866138.
False Alarms: 
4.8
Mis Detections: 
82.39999999999999
F1: 
28.758
================================================================================
SIMCLR-CLIP
SIMCLR-CLIP Data Shape: torch.Size([2456, 1, 16])
(1964, 6)
Phase I data shape: (1000, 25, 6)
UCL: 12.60906241866138.
False Alarms: 
3.6999999999999997
Mis Detections: 
55.400000000000006
F1: 
60.148
