Likely running on a server
Counter({1: 2544, 0: 2456})
Counter({1: 2504, 0: 2496})
Validation set size: 1964
torch.Size([1964, 1, 32, 32]) torch.Size([1964, 1, 16])
torch.Size([1964, 6]) torch.Size([1964, 6])
(1964, 6) (1964, 6)
torch.Size([492, 1, 32, 32]) torch.Size([492, 1, 16])
torch.Size([492, 6]) torch.Size([492, 6])
(492, 6) (492, 6)
torch.Size([5000, 1, 32, 32]) torch.Size([5000, 1, 16])
torch.Size([5000, 6]) torch.Size([5000, 6])
(5000, 6) (5000, 6)
Merged Regime...
Bootstrap sample size:  2000
Test set size:  2000
>> Mean correlations:  3.772
>> Std correlations:  0.453

Normal as test.
Test set size:  1000
Mean correlations:  3.714
acc:  0.914

Abormal as test.
Test set size:  1000
Mean correlations:  3.139
acc:  0.403

False Alarm Rate:  8.6
Mis-Detection Rate:  59.699999999999996
F1:  54.13
Baseline...
Baseline model loaded successfully
Test set:  Counter({1: 2504, 0: 2496})
Test ACC: 0.5132
Test - Truth: {1: 2504, 0: 2496}
Test - Predictions: {0: 4660, 1: 340}
Test - Confusion Matrix: 
[[2361  135]
 [2299  205]]
Test - False Alarm: 0.0541
Test - Mis-Detection: 0.9181
Start testing windowed data...
Mean False Alarms: 
5.5440000000000005
Mean Mis Detections: 
91.78
Mean F1: 
8.359
================================================================================
Hotelling T2
================================================================================
DCCA
Phase I data shape: (1000, 25, 6)
UCL: 12.60906241866138.
False Alarms: 
2.4
Mis Detections: 
99.1
F1: 
1.7420000000000002
================================================================================
PCA
PCA Training Shape: torch.Size([2456, 1, 16])
Explained Variance Ratio: [0.16461945 0.06302862 0.0612799  0.06038254 0.05973451 0.05815139]
Total Variance Explained: 0.46719643473625183
Phase I data shape: (1000, 25, 6)
UCL: 12.60906241866138.
False Alarms: 
3.5000000000000004
Mis Detections: 
92.4
F1: 
13.681
================================================================================
PLS
PLS CT Training Shape: torch.Size([2456, 1, 32, 32])
PLS SP Training Shape: torch.Size([2456, 1, 16])
Reshaped CTs: torch.Size([2456, 1024])
Phase I data shape: (1000, 25, 6)
UCL: 12.60906241866138.
False Alarms: 
4.6
Mis Detections: 
86.8
F1: 
22.411
================================================================================
AutoEncoder
AE Data Shape: torch.Size([2456, 1, 16])
(1964, 6)
Phase I data shape: (1000, 25, 6)
UCL: 12.60906241866138.
False Alarms: 
4.1000000000000005
Mis Detections: 
97.0
F1: 
5.602
================================================================================
SIMCLR
SIMCLR Data Shape: torch.Size([2456, 1, 16])
(1964, 6)
Phase I data shape: (1000, 25, 6)
UCL: 12.60906241866138.
False Alarms: 
3.3000000000000003
Mis Detections: 
90.8
F1: 
16.356
================================================================================
SIMCLR-CLIP
SIMCLR-CLIP Data Shape: torch.Size([2456, 1, 16])
(1964, 6)
Phase I data shape: (1000, 25, 6)
UCL: 12.60906241866138.
False Alarms: 
3.5000000000000004
Mis Detections: 
82.8
F1: 
28.499999999999996
