Likely running on a server
Counter({1: 2544, 0: 2456})
Counter({1: 2504, 0: 2496})
Validation set size: 1964
torch.Size([1964, 1, 32, 32]) torch.Size([1964, 1, 16])
torch.Size([1964, 6]) torch.Size([1964, 6])
(1964, 6) (1964, 6)
torch.Size([492, 1, 32, 32]) torch.Size([492, 1, 16])
torch.Size([492, 6]) torch.Size([492, 6])
(492, 6) (492, 6)
torch.Size([5000, 1, 32, 32]) torch.Size([5000, 1, 16])
torch.Size([5000, 6]) torch.Size([5000, 6])
(5000, 6) (5000, 6)
Merged Regime...
Bootstrap sample size:  2000
Test set size:  2000
>> Mean correlations:  4.009
>> Std correlations:  0.564

Normal as test.
Test set size:  1000
Mean correlations:  4.017
acc:  0.946

Abormal as test.
Test set size:  1000
Mean correlations:  3.042
acc:  0.581

False Alarm Rate:  5.4
Mis-Detection Rate:  41.9
F1:  71.07
Baseline...
Baseline model loaded successfully
Test set:  Counter({1: 2504, 0: 2496})
Test ACC: 0.5158
Test - Truth: {1: 2504, 0: 2496}
Test - Predictions: {0: 4569, 1: 431}
Test - Confusion Matrix: 
[[2322  174]
 [2247  257]]
Test - False Alarm: 0.0697
Test - Mis-Detection: 0.8974
Start testing windowed data...
Mean False Alarms: 
6.927999999999999
Mean Mis Detections: 
89.388
Mean F1: 
10.554
================================================================================
Hotelling T2
================================================================================
DCCA
Phase I data shape: (1000, 25, 6)
UCL: 12.60906241866138.
False Alarms: 
3.1
Mis Detections: 
99.4
F1: 
1.157
================================================================================
PCA
PCA Training Shape: torch.Size([2456, 1, 16])
Explained Variance Ratio: [0.21871124 0.06019559 0.05783559 0.05650595 0.05600017 0.05479278]
Total Variance Explained: 0.504041314125061
Phase I data shape: (1000, 25, 6)
UCL: 12.60906241866138.
False Alarms: 
3.9
Mis Detections: 
88.2
F1: 
20.398
================================================================================
PLS
PLS CT Training Shape: torch.Size([2456, 1, 32, 32])
PLS SP Training Shape: torch.Size([2456, 1, 16])
Reshaped CTs: torch.Size([2456, 1024])
Phase I data shape: (1000, 25, 6)
UCL: 12.60906241866138.
False Alarms: 
4.3999999999999995
Mis Detections: 
79.4
F1: 
32.96
================================================================================
AutoEncoder
AE Data Shape: torch.Size([2456, 1, 16])
(1964, 6)
Phase I data shape: (1000, 25, 6)
UCL: 12.60906241866138.
False Alarms: 
5.1
Mis Detections: 
97.2
F1: 
5.19
================================================================================
SIMCLR
SIMCLR Data Shape: torch.Size([2456, 1, 16])
(1964, 6)
Phase I data shape: (1000, 25, 6)
UCL: 12.60906241866138.
False Alarms: 
4.3999999999999995
Mis Detections: 
86.1
F1: 
23.5
================================================================================
SIMCLR-CLIP
SIMCLR-CLIP Data Shape: torch.Size([2456, 1, 16])
(1964, 6)
Phase I data shape: (1000, 25, 6)
UCL: 12.60906241866138.
False Alarms: 
4.3
Mis Detections: 
69.5
F1: 
45.251999999999995
