Likely running on a server
Counter({1: 2544, 0: 2456})
Counter({1: 2504, 0: 2496})
Validation set size: 1964
torch.Size([1964, 1, 32, 32]) torch.Size([1964, 1, 16])
torch.Size([1964, 6]) torch.Size([1964, 6])
(1964, 6) (1964, 6)
torch.Size([492, 1, 32, 32]) torch.Size([492, 1, 16])
torch.Size([492, 6]) torch.Size([492, 6])
(492, 6) (492, 6)
torch.Size([5000, 1, 32, 32]) torch.Size([5000, 1, 16])
torch.Size([5000, 6]) torch.Size([5000, 6])
(5000, 6) (5000, 6)
Merged Regime...
Bootstrap sample size:  2000
Test set size:  2000
>> Mean correlations:  4.416
>> Std correlations:  0.544

Normal as test.
Test set size:  1000
Mean correlations:  4.406
acc:  0.956

Abormal as test.
Test set size:  1000
Mean correlations:  3.196
acc:  0.847

False Alarm Rate:  4.3999999999999995
Mis-Detection Rate:  15.299999999999999
F1:  89.582
Baseline...
Baseline model loaded successfully
Test set:  Counter({1: 2504, 0: 2496})
Test ACC: 0.5394
Test - Truth: {1: 2504, 0: 2496}
Test - Predictions: {1: 4807, 0: 193}
Test - Confusion Matrix: 
[[ 193 2303]
 [   0 2504]]
Test - False Alarm: 0.9227
Test - Mis-Detection: 0.0000
Start testing windowed data...
Mean False Alarms: 
92.10000000000001
Mean Mis Detections: 
0.0
Mean F1: 
68.914
================================================================================
Hotelling T2
================================================================================
DCCA
Phase I data shape: (1000, 25, 6)
UCL: 12.60906241866138.
False Alarms: 
2.0
Mis Detections: 
61.199999999999996
F1: 
55.114
================================================================================
PCA
PCA Training Shape: torch.Size([2456, 1, 16])
Explained Variance Ratio: [0.48245293 0.04865816 0.04199355 0.03953588 0.03883971 0.03699987]
Total Variance Explained: 0.6884800791740417
Phase I data shape: (1000, 25, 6)
UCL: 12.60906241866138.
False Alarms: 
3.5999999999999996
Mis Detections: 
32.7
F1: 
78.75999999999999
================================================================================
PLS
PLS CT Training Shape: torch.Size([2456, 1, 32, 32])
PLS SP Training Shape: torch.Size([2456, 1, 16])
Reshaped CTs: torch.Size([2456, 1024])
Phase I data shape: (1000, 25, 6)
UCL: 12.60906241866138.
False Alarms: 
4.1000000000000005
Mis Detections: 
28.4
F1: 
81.503
================================================================================
AutoEncoder
AE Data Shape: torch.Size([2456, 1, 16])
(1964, 6)
Phase I data shape: (1000, 25, 6)
UCL: 12.60906241866138.
False Alarms: 
5.7
Mis Detections: 
41.099999999999994
F1: 
71.56700000000001
================================================================================
SIMCLR
SIMCLR Data Shape: torch.Size([2456, 1, 16])
(1964, 6)
Phase I data shape: (1000, 25, 6)
UCL: 12.60906241866138.
False Alarms: 
4.1000000000000005
Mis Detections: 
64.1
F1: 
51.286
================================================================================
SIMCLR-CLIP
SIMCLR-CLIP Data Shape: torch.Size([2456, 1, 16])
(1964, 6)
Phase I data shape: (1000, 25, 6)
UCL: 12.60906241866138.
False Alarms: 
3.9
Mis Detections: 
8.5
F1: 
93.65400000000001
