Likely running on a server
Counter({1: 2544, 0: 2456})
Counter({1: 2504, 0: 2496})
Validation set size: 1964
torch.Size([1964, 1, 32, 32]) torch.Size([1964, 1, 16])
torch.Size([1964, 6]) torch.Size([1964, 6])
(1964, 6) (1964, 6)
torch.Size([492, 1, 32, 32]) torch.Size([492, 1, 16])
torch.Size([492, 6]) torch.Size([492, 6])
(492, 6) (492, 6)
torch.Size([5000, 1, 32, 32]) torch.Size([5000, 1, 16])
torch.Size([5000, 6]) torch.Size([5000, 6])
(5000, 6) (5000, 6)
Merged Regime...
Bootstrap sample size:  2000
Test set size:  2000
>> Mean correlations:  3.738
>> Std correlations:  0.501

Normal as test.
Test set size:  1000
Mean correlations:  3.66
acc:  0.922

Abormal as test.
Test set size:  1000
Mean correlations:  2.916
acc:  0.528

False Alarm Rate:  7.8
Mis-Detection Rate:  47.199999999999996
F1:  65.753
Baseline...
Baseline model loaded successfully
Test set:  Counter({1: 2504, 0: 2496})
Test ACC: 0.5158
Test - Truth: {1: 2504, 0: 2496}
Test - Predictions: {0: 4553, 1: 447}
Test - Confusion Matrix: 
[[2314  182]
 [2239  265]]
Test - False Alarm: 0.0729
Test - Mis-Detection: 0.8942
Start testing windowed data...
Mean False Alarms: 
7.356
Mean Mis Detections: 
89.728
Mean F1: 
10.059999999999999
================================================================================
Hotelling T2
================================================================================
DCCA
Phase I data shape: (1000, 25, 6)
UCL: 12.60906241866138.
False Alarms: 
1.4000000000000001
Mis Detections: 
99.9
F1: 
0.197
================================================================================
PCA
PCA Training Shape: torch.Size([2456, 1, 16])
Explained Variance Ratio: [0.19777149 0.06121097 0.05922857 0.05781714 0.0575887  0.05610916]
Total Variance Explained: 0.4897260069847107
Phase I data shape: (1000, 25, 6)
UCL: 12.60906241866138.
False Alarms: 
3.4000000000000004
Mis Detections: 
90.0
F1: 
17.637
================================================================================
PLS
PLS CT Training Shape: torch.Size([2456, 1, 32, 32])
PLS SP Training Shape: torch.Size([2456, 1, 16])
Reshaped CTs: torch.Size([2456, 1024])
Phase I data shape: (1000, 25, 6)
UCL: 12.60906241866138.
False Alarms: 
4.5
Mis Detections: 
82.6
F1: 
28.548000000000002
================================================================================
AutoEncoder
AE Data Shape: torch.Size([2456, 1, 16])
(1964, 6)
Phase I data shape: (1000, 25, 6)
UCL: 12.60906241866138.
False Alarms: 
4.5
Mis Detections: 
95.6
F1: 
8.081000000000001
================================================================================
SIMCLR
SIMCLR Data Shape: torch.Size([2456, 1, 16])
(1964, 6)
Phase I data shape: (1000, 25, 6)
UCL: 12.60906241866138.
False Alarms: 
3.9
Mis Detections: 
84.89999999999999
F1: 
25.378
================================================================================
SIMCLR-CLIP
SIMCLR-CLIP Data Shape: torch.Size([2456, 1, 16])
(1964, 6)
Phase I data shape: (1000, 25, 6)
UCL: 12.60906241866138.
False Alarms: 
3.6999999999999997
Mis Detections: 
75.3
F1: 
38.474000000000004
